<?xml version="1.0" encoding="UTF-8" standalone="false" ?>
<TestLogConfig>
    <LogPath/>
</TestLogConfig>
